<?xml version="1.0" encoding="UTF-8"?>
<!-- Generated by org.testng.reporters.JUnitReportReporter -->
<testsuite hostname="IN-8YCXH32" name="com.automation.testngexamples.selenium.ParallelTestExample" tests="2" failures="0" timestamp="11 May 2016 08:18:09 GMT" time="14.479" errors="0">
  <testcase name="googleSearch" time="5.521" classname="com.automation.testngexamples.selenium.ParallelTestExample"/>
  <testcase name="googleSearch" time="8.958" classname="com.automation.testngexamples.selenium.ParallelTestExample"/>
</testsuite> <!-- com.automation.testngexamples.selenium.ParallelTestExample -->
