<?xml version="1.0" encoding="UTF-8"?>
<!-- Generated by org.testng.reporters.JUnitReportReporter -->
<testsuite hostname="IN-8YCXH32" name="com.automation.testngexamples.selenium.TestAnnotationExample1" tests="2" failures="0" timestamp="11 May 2016 08:01:35 GMT" time="21.921" errors="0">
  <testcase name="googleSearch2" time="12.319" classname="com.automation.testngexamples.selenium.TestAnnotationExample1"/>
  <testcase name="googleSearch1" time="9.602" classname="com.automation.testngexamples.selenium.TestAnnotationExample1"/>
</testsuite> <!-- com.automation.testngexamples.selenium.TestAnnotationExample1 -->
