<?xml version="1.0" encoding="UTF-8"?>
<!-- Generated by org.testng.reporters.JUnitReportReporter -->
<testsuite hostname="IN-8YCXH32" name="com.automation.testngexamples.ParallelTestExample" tests="2" failures="0" timestamp="10 May 2016 13:20:47 GMT" time="12.095" errors="0">
  <testcase name="googleSearch" time="5.009" classname="com.automation.testngexamples.ParallelTestExample"/>
  <testcase name="googleSearch" time="7.086" classname="com.automation.testngexamples.ParallelTestExample"/>
</testsuite> <!-- com.automation.testngexamples.ParallelTestExample -->
