<?xml version="1.0" encoding="UTF-8"?>
<!-- Generated by org.testng.reporters.JUnitReportReporter -->
<testsuite hostname="IN-8YCXH32" name="com.automation.testngexamples.selenium.DataProviderExample1" tests="3" failures="0" timestamp="11 May 2016 08:05:38 GMT" time="30.278" errors="0">
  <testcase name="googleSearch" time="16.305" classname="com.automation.testngexamples.selenium.DataProviderExample1"/>
  <testcase name="googleSearch" time="6.418" classname="com.automation.testngexamples.selenium.DataProviderExample1"/>
  <testcase name="googleSearch" time="7.555" classname="com.automation.testngexamples.selenium.DataProviderExample1"/>
</testsuite> <!-- com.automation.testngexamples.selenium.DataProviderExample1 -->
