<?xml version="1.0" encoding="UTF-8"?>
<!-- Generated by org.testng.reporters.JUnitReportReporter -->
<testsuite hostname="IN-8YCXH32" name="com.automation.testngexamples.java.DataProvider1" tests="3" failures="0" timestamp="11 May 2016 05:22:49 GMT" time="0.011" errors="0">
  <testcase name="test" time="0.000" classname="com.automation.testngexamples.java.DataProvider1"/>
  <testcase name="test" time="0.011" classname="com.automation.testngexamples.java.DataProvider1"/>
  <testcase name="test" time="0.000" classname="com.automation.testngexamples.java.DataProvider1"/>
</testsuite> <!-- com.automation.testngexamples.java.DataProvider1 -->
