<?xml version="1.0" encoding="UTF-8"?>
<!-- Generated by org.testng.reporters.JUnitReportReporter -->
<testsuite hostname="Abhisheks-MacBook-Pro.local" name="com.automation.testngexamples.ParameterizedTestExample" tests="1" failures="0" timestamp="19 Nov 2015 06:34:47 GMT" time="3.683" errors="0">
  <testcase name="googleSearch1" time="3.683" classname="com.automation.testngexamples.ParameterizedTestExample"/>
</testsuite> <!-- com.automation.testngexamples.ParameterizedTestExample -->
