<?xml version="1.0" encoding="UTF-8"?>
<!-- Generated by org.testng.reporters.JUnitReportReporter -->
<testsuite hostname="IN-8YCXH32" name="com.automation.testngexamples.listeners.TestListener" tests="1" failures="0" timestamp="11 May 2016 05:35:56 GMT" time="0.010" errors="0">
  <testcase name="main" time="0.010" classname="com.automation.testngexamples.listeners.TestListener"/>
</testsuite> <!-- com.automation.testngexamples.listeners.TestListener -->
