<?xml version="1.0" encoding="UTF-8"?>
<!-- Generated by org.testng.reporters.JUnitReportReporter -->
<testsuite hostname="IN-8YCXH32" name="com.automation.testngexamples.MyFirstTestNGClass" tests="1" failures="0" timestamp="10 May 2016 13:09:10 GMT" time="4.394" errors="0">
  <testcase name="googleSearch1" time="4.394" classname="com.automation.testngexamples.MyFirstTestNGClass"/>
</testsuite> <!-- com.automation.testngexamples.MyFirstTestNGClass -->
