<?xml version="1.0" encoding="UTF-8"?>
<!-- Generated by org.testng.reporters.JUnitReportReporter -->
<testsuite hostname="Abhisheks-MacBook-Pro.local" name="com.automation.testngexamples.ParallelTestExample" tests="2" failures="0" timestamp="19 Nov 2015 06:42:30 GMT" time="10.077" errors="0">
  <testcase name="googleSearch" time="5.936" classname="com.automation.testngexamples.ParallelTestExample"/>
  <testcase name="googleSearch" time="4.141" classname="com.automation.testngexamples.ParallelTestExample"/>
</testsuite> <!-- com.automation.testngexamples.ParallelTestExample -->
