<?xml version="1.0" encoding="UTF-8"?>
<!-- Generated by org.testng.reporters.JUnitReportReporter -->
<testsuite hostname="IN-8YCXH32" name="com.automation.testngexamples.ParameterizedTestExample" tests="1" failures="0" timestamp="10 May 2016 13:16:16 GMT" time="4.346" errors="0">
  <testcase name="googleSearch1" time="4.346" classname="com.automation.testngexamples.ParameterizedTestExample"/>
</testsuite> <!-- com.automation.testngexamples.ParameterizedTestExample -->
