<?xml version="1.0" encoding="UTF-8"?>
<!-- Generated by org.testng.reporters.JUnitReportReporter -->
<testsuite hostname="IN-8YCXH32" name="com.automation.testngexamples.java.SampleTestNGClass" tests="1" failures="0" timestamp="11 May 2016 07:15:17 GMT" time="0.004" errors="0">
  <testcase name="f" time="0.004" classname="com.automation.testngexamples.java.SampleTestNGClass"/>
</testsuite> <!-- com.automation.testngexamples.java.SampleTestNGClass -->
