<?xml version="1.0" encoding="UTF-8"?>
<!-- Generated by org.testng.reporters.JUnitReportReporter -->
<testsuite hostname="Abhisheks-MacBook-Pro.local" name="com.automation.testngexamples.MyFirstTestNGClass" tests="2" failures="0" timestamp="19 Nov 2015 06:01:39 GMT" time="6.316" errors="0">
  <testcase name="googleSearch1" time="0.506" classname="com.automation.testngexamples.MyFirstTestNGClass"/>
  <testcase name="googleSearch2" time="5.810" classname="com.automation.testngexamples.MyFirstTestNGClass"/>
</testsuite> <!-- com.automation.testngexamples.MyFirstTestNGClass -->
