<?xml version="1.0" encoding="UTF-8"?>
<!-- Generated by org.testng.reporters.JUnitReportReporter -->
<testsuite hostname="IN-8YCXH32" name="com.automation.testngexamples.SampleTestNGClass" tests="1" failures="0" timestamp="10 May 2016 13:25:57 GMT" time="0.000" errors="0">
  <testcase name="f" time="0.000" classname="com.automation.testngexamples.SampleTestNGClass"/>
</testsuite> <!-- com.automation.testngexamples.SampleTestNGClass -->
