<?xml version="1.0" encoding="UTF-8"?>
<!-- Generated by org.testng.reporters.JUnitReportReporter -->
<testsuite hostname="IN-8YCXH32" name="com.automation.testngexamples.selenium.BasicTestNGClass" tests="1" failures="0" timestamp="11 May 2016 07:59:34 GMT" time="11.151" errors="0">
  <testcase name="googleSearch1" time="11.151" classname="com.automation.testngexamples.selenium.BasicTestNGClass"/>
</testsuite> <!-- com.automation.testngexamples.selenium.BasicTestNGClass -->
